<?xml version="1.0" encoding="UTF-8"?>
<testsuite name="cucumber.TestRunner" tests="0" skipped="0" failures="0" errors="0" timestamp="1970-01-01T00:00:00" hostname="Mandys-MacBook-Pro.local" time="0.0">
  <properties/>
  <system-out><![CDATA[Feature: Login

  Background:                                 ?[90m# login.feature:3?[0m
    ?[33mGiven ?[0m?[33mthere are the following valid users?[0m ?[90m# LoginSteps.there_are_the_following_valid_users(DataTable)?[0m
      ?[31mcucumber.api.PendingException: TODO: implement me
      	at cucumber.steps.LoginSteps.there_are_the_following_valid_users(LoginSteps.java:18)
      	at ✽.Given there are the following valid users(login.feature:4)
      ?[0m

  Background:                                 ?[90m# login.feature:3?[0m
    ?[33mGiven ?[0m?[33mthere are the following valid users?[0m ?[90m# LoginSteps.there_are_the_following_valid_users(DataTable)?[0m
      ?[31mcucumber.api.PendingException: TODO: implement me
      	at cucumber.steps.LoginSteps.there_are_the_following_valid_users(LoginSteps.java:18)
      	at ✽.Given there are the following valid users(login.feature:4)
      ?[0m

  Scenario: Login with invalid user information ?[90m# login.feature:14?[0m
    ?[36mWhen ?[0m?[36mI login with below user?[0m                ?[90m# LoginSteps.i_login_with_below_user(DataTable)?[0m
    ?[36mThen ?[0m?[36mI cannot access Hit Rate report?[0m        ?[90m# LoginSteps.i_cannot_access_Hit_Rate_report()?[0m
Feature: Hitrate Report

  Background:                               ?[90m# searchHitrate.feature:3?[0m
    ?[33mGiven ?[0m?[33mI have login as below user?[0m        ?[90m# SearchHitrateSteps.i_have_login_as_below_user(DataTable)?[0m
      ?[31mcucumber.api.PendingException: TODO: implement me
      	at cucumber.steps.SearchHitrateSteps.i_have_login_as_below_user(SearchHitrateSteps.java:18)
      	at ✽.Given I have login as below user(searchHitrate.feature:4)
      ?[0m
    ?[36mAnd ?[0m?[36mI have the following hit rate data?[0m  ?[90m# SearchHitrateSteps.i_have_the_following_hit_rate_data(DataTable)?[0m
    ?[36mAnd ?[0m?[36mI have the following exclusion list?[0m ?[90m# SearchHitrateSteps.i_have_the_following_exclusion_list(DataTable)?[0m

  Scenario: Search top 5 hit rate websites    ?[90m# searchHitrate.feature:23?[0m
    ?[36mWhen ?[0m?[36mI search for hit rate on ?[0m?[36m?[1m2016?[0m?[36m-?[0m?[36m?[1m01?[0m?[36m-?[0m?[36m?[1m06?[0m  ?[90m# SearchHitrateSteps.i_search_for_hit_rate_on(int,int,int)?[0m
    ?[36mThen ?[0m?[36mI should see the following hit rates?[0m ?[90m# SearchHitrateSteps.i_should_see_the_following_hit_rates(DataTable)?[0m

3 Scenarios (?[33m3 pending?[0m)
11 Steps (?[36m8 skipped?[0m, ?[33m3 pending?[0m)
0m0.078s

cucumber.api.PendingException: TODO: implement me
	at cucumber.steps.LoginSteps.there_are_the_following_valid_users(LoginSteps.java:18)
	at ✽.Given there are the following valid users(login.feature:4)

cucumber.api.PendingException: TODO: implement me
	at cucumber.steps.LoginSteps.there_are_the_following_valid_users(LoginSteps.java:18)
	at ✽.Given there are the following valid users(login.feature:4)

cucumber.api.PendingException: TODO: implement me
	at cucumber.steps.SearchHitrateSteps.i_have_login_as_below_user(SearchHitrateSteps.java:18)
	at ✽.Given I have login as below user(searchHitrate.feature:4)

]]></system-out>
  <system-err><![CDATA[]]></system-err>
</testsuite>
