<?xml version="1.0" encoding="UTF-8"?>
<testsuite name="cucumber.TestRunner" tests="0" skipped="0" failures="0" errors="0" timestamp="1970-01-01T00:00:00" hostname="Mandys-MacBook-Pro.local" time="0.0">
  <properties/>
  <system-out><![CDATA[Feature: Hitrate Report

  Scenario: Search top 5 hit rate websites    ?[90m# searchHitrate.feature:3?[0m
    ?[33mGiven ?[0m?[33mI have the following hit rate data?[0m
    ?[33mWhen ?[0m?[33mI search for hit rate on 2016-01-06?[0m
    ?[33mThen ?[0m?[33mI should see the following hit rates?[0m

1 Scenarios (?[33m1 undefined?[0m)
3 Steps (?[33m3 undefined?[0m)
0m0.000s


You can implement missing steps with the snippets below:

@Given("^I have the following hit rate data$")
public void i_have_the_following_hit_rate_data(DataTable arg1) throws Throwable {
    // Write code here that turns the phrase above into concrete actions
    // For automatic transformation, change DataTable to one of
    // List<YourType>, List<List<E>>, List<Map<K,V>> or Map<K,V>.
    // E,K,V must be a scalar (String, Integer, Date, enum etc)
    throw new PendingException();
}

@When("^I search for hit rate on (\\d+)-(\\d+)-(\\d+)$")
public void i_search_for_hit_rate_on(int arg1, int arg2, int arg3) throws Throwable {
    // Write code here that turns the phrase above into concrete actions
    throw new PendingException();
}

@Then("^I should see the following hit rates$")
public void i_should_see_the_following_hit_rates(DataTable arg1) throws Throwable {
    // Write code here that turns the phrase above into concrete actions
    // For automatic transformation, change DataTable to one of
    // List<YourType>, List<List<E>>, List<Map<K,V>> or Map<K,V>.
    // E,K,V must be a scalar (String, Integer, Date, enum etc)
    throw new PendingException();
}

]]></system-out>
  <system-err><![CDATA[]]></system-err>
</testsuite>
