<?xml version="1.0" encoding="UTF-8"?>
<testsuite name="Scenario: Login with valid user information" tests="4" skipped="3" failures="0" errors="0" timestamp="2017-07-18T02:21:21" hostname="Mandys-MacBook-Pro.local" time="0.008">
  <properties/>
  <testcase name="Given there are the following valid users" classname="Scenario: Login with valid user information" time="0.0">
    <skipped/>
  </testcase>
  <testcase name="When I login with below user" classname="Scenario: Login with valid user information" time="0.0">
    <skipped/>
  </testcase>
  <testcase name="Then I should go to Hit Rate report" classname="Scenario: Login with valid user information" time="0.0">
    <skipped/>
  </testcase>
  <testcase name="classMethod" classname="Scenario: Login with valid user information" time="0.091"/>
  <system-out><![CDATA[]]></system-out>
  <system-err><![CDATA[]]></system-err>
</testsuite>
